d:\source\repos\cinders-item-randomizer\dinput8\x64\release\vc142.pdb
d:\source\repos\cinders-item-randomizer\dinput8\x64\release\norequirements.obj
d:\source\repos\cinders-item-randomizer\dinput8\x64\release\inireader.obj
d:\source\repos\cinders-item-randomizer\dinput8\x64\release\ini.obj
d:\source\repos\cinders-item-randomizer\dinput8\x64\release\dinput8.obj
d:\source\repos\cinders-item-randomizer\dinput8\x64\release\core.obj
d:\source\repos\cinders-item-randomizer\dinput8\x64\release\itemrandomsier.obj
d:\source\repos\cinders-item-randomizer\dinput8\x64\release\autoequip.obj
d:\source\repos\cinders-item-randomizer\dinput8\x64\release\trampoline.obj
d:\source\repos\cinders-item-randomizer\dinput8\x64\release\hook.obj
d:\source\repos\cinders-item-randomizer\dinput8\x64\release\hde64.obj
d:\source\repos\cinders-item-randomizer\dinput8\x64\release\hde32.obj
d:\source\repos\cinders-item-randomizer\dinput8\x64\release\buffer.obj
d:\source\repos\cinders-item-randomizer\x64\release\dinput8.lib
d:\source\repos\cinders-item-randomizer\x64\release\dinput8.exp
d:\source\repos\cinders-item-randomizer\x64\release\dinput8.dll
d:\source\repos\cinders-item-randomizer\dinput8\x64\release\dinput8.ipdb
d:\source\repos\cinders-item-randomizer\dinput8\x64\release\dinput8.iobj
d:\source\repos\cinders-item-randomizer\x64\release\dinput8.pdb
d:\source\repos\cinders-item-randomizer\dinput8\x64\release\_autoequip.obj
d:\source\repos\cinders-item-randomizer\dinput8\x64\release\_itemrandomiser.obj
d:\source\repos\cinders-item-randomizer\dinput8\x64\release\_norequirements.obj
d:\source\repos\cinders-item-randomizer\dinput8\x64\release\dinput8_asm.obj
d:\source\repos\cinders-item-randomizer\dinput8\x64\release\dinput8.tlog\cl.command.1.tlog
d:\source\repos\cinders-item-randomizer\dinput8\x64\release\dinput8.tlog\cl.read.1.tlog
d:\source\repos\cinders-item-randomizer\dinput8\x64\release\dinput8.tlog\cl.write.1.tlog
d:\source\repos\cinders-item-randomizer\dinput8\x64\release\dinput8.tlog\dinput8.write.1u.tlog
d:\source\repos\cinders-item-randomizer\dinput8\x64\release\dinput8.tlog\link.command.1.tlog
d:\source\repos\cinders-item-randomizer\dinput8\x64\release\dinput8.tlog\link.read.1.tlog
d:\source\repos\cinders-item-randomizer\dinput8\x64\release\dinput8.tlog\link.write.1.tlog
d:\source\repos\cinders-item-randomizer\dinput8\x64\release\dinput8.tlog\masm.read.1u.tlog
d:\source\repos\cinders-item-randomizer\dinput8\x64\release\dinput8.tlog\masm.write.1u.tlog
